Microsoft (R) Build Engine version 17.8.3 for .NET Framework
Build started 09.07.2026 19:40:00.
  warning MSB3277: Found conflicts between different versions of "DevExpress.Xpf.Core.v3" that could not be resolved. [C:\build\src\Legacy.UI.Handlers\Legacy.UI.Handlers.csproj]
  Restoring packages for C:\build\src\Legacy.Core.Transport\Legacy.Core.Transport.csproj...
  warning MSB3277: Found conflicts between different versions of "DevExpress.Xpf.Core.v3" that could not be resolved. [C:\build\src\Legacy.UI.Handlers\Legacy.UI.Handlers.csproj]
  C:\build\src\Legacy.Data.Transport\File90.cs(90,5): warning CS8618: Non-nullable property must contain a non-null value when exiting constructor. [C:\build\src\Legacy.Data.Transport\Legacy.Data.Transport.csproj]
  Restoring packages for C:\build\src\Legacy.UI.ViewModels\Legacy.UI.ViewModels.csproj...
  Restoring packages for C:\build\src\Legacy.Data.Views\Legacy.Data.Views.csproj...
  warning MSB3277: Found conflicts between different versions of "DevExpress.Xpf.Core.v21" that could not be resolved. [C:\build\src\Legacy.Core.Views\Legacy.Core.Views.csproj]
  Restoring packages for C:\build\src\Legacy.Data.Transport\Legacy.Data.Transport.csproj...
  Legacy.Data.Handlers -> C:\build\src\Legacy.Data.Handlers\bin\Release\Legacy.Data.Handlers.dll
  Legacy.UI.ViewModels -> C:\build\src\Legacy.UI.ViewModels\bin\Release\Legacy.UI.ViewModels.dll
  Restoring packages for C:\build\src\Legacy.Broker.Handlers\Legacy.Broker.Handlers.csproj...
  Restoring packages for C:\build\src\Legacy.Core.Views\Legacy.Core.Views.csproj...
  Restoring packages for C:\build\src\Legacy.UI.Transport\Legacy.UI.Transport.csproj...
  Restoring packages for C:\build\src\Legacy.Broker.Views\Legacy.Broker.Views.csproj...
  C:\build\src\Legacy.UI.Views\File748.cs(748,16): warning CS8618: Non-nullable property must contain a non-null value when exiting constructor. [C:\build\src\Legacy.UI.Views\Legacy.UI.Views.csproj]
  C:\build\src\Legacy.Broker.Transport\File81.cs(81,80): warning CS8618: Non-nullable property must contain a non-null value when exiting constructor. [C:\build\src\Legacy.Broker.Transport\Legacy.Broker.Transport.csproj]
  Restoring packages for C:\build\src\Legacy.Broker.Views\Legacy.Broker.Views.csproj...
  warning MSB3277: Found conflicts between different versions of "DevExpress.Xpf.Core.v1" that could not be resolved. [C:\build\src\Legacy.UI.Transport\Legacy.UI.Transport.csproj]
  Legacy.Core.Extensions -> C:\build\src\Legacy.Core.Extensions\bin\Release\Legacy.Core.Extensions.dll
  Restoring packages for C:\build\src\Legacy.UI.Handlers\Legacy.UI.Handlers.csproj...
  C:\build\src\Legacy.Broker.Views\File167.cs(167,27): warning CS8618: Non-nullable property must contain a non-null value when exiting constructor. [C:\build\src\Legacy.Broker.Views\Legacy.Broker.Views.csproj]
  Legacy.Core.Handlers -> C:\build\src\Legacy.Core.Handlers\bin\Release\Legacy.Core.Handlers.dll
  warning MSB3277: Found conflicts between different versions of "DevExpress.Xpf.Core.v3" that could not be resolved. [C:\build\src\Legacy.UI.Transport\Legacy.UI.Transport.csproj]
  Restoring packages for C:\build\src\Legacy.Data.Transport\Legacy.Data.Transport.csproj...
  Restoring packages for C:\build\src\Legacy.Broker.Extensions\Legacy.Broker.Extensions.csproj...
  warning MSB3277: Found conflicts between different versions of "DevExpress.Xpf.Core.v18" that could not be resolved. [C:\build\src\Legacy.Data.Transport\Legacy.Data.Transport.csproj]
  Legacy.UI.Views -> C:\build\src\Legacy.UI.Views\bin\Release\Legacy.UI.Views.dll
  Restoring packages for C:\build\src\Legacy.Broker.ViewModels\Legacy.Broker.ViewModels.csproj...
  Legacy.Core.Views -> C:\build\src\Legacy.Core.Views\bin\Release\Legacy.Core.Views.dll
  warning MSB3277: Found conflicts between different versions of "DevExpress.Xpf.Core.v11" that could not be resolved. [C:\build\src\Legacy.Broker.ViewModels\Legacy.Broker.ViewModels.csproj]
  C:\build\src\Legacy.Broker.Transport\File659.cs(659,34): warning CS8618: Non-nullable property must contain a non-null value when exiting constructor. [C:\build\src\Legacy.Broker.Transport\Legacy.Broker.Transport.csproj]
  warning MSB3277: Found conflicts between different versions of "DevExpress.Xpf.Core.v0" that could not be resolved. [C:\build\src\Legacy.UI.Extensions\Legacy.UI.Extensions.csproj]
  warning MSB3277: Found conflicts between different versions of "DevExpress.Xpf.Core.v17" that could not be resolved. [C:\build\src\Legacy.Data.Transport\Legacy.Data.Transport.csproj]
  C:\build\src\Legacy.Broker.Handlers\File598.cs(598,29): warning CS8618: Non-nullable property must contain a non-null value when exiting constructor. [C:\build\src\Legacy.Broker.Handlers\Legacy.Broker.Handlers.csproj]
  C:\build\src\Legacy.UI.Extensions\File522.cs(522,7): warning CS8618: Non-nullable property must contain a non-null value when exiting constructor. [C:\build\src\Legacy.UI.Extensions\Legacy.UI.Extensions.csproj]
  warning MSB3277: Found conflicts between different versions of "DevExpress.Xpf.Core.v19" that could not be resolved. [C:\build\src\Legacy.UI.Handlers\Legacy.UI.Handlers.csproj]
  Restoring packages for C:\build\src\Legacy.Broker.Handlers\Legacy.Broker.Handlers.csproj...
  Legacy.Broker.Transport -> C:\build\src\Legacy.Broker.Transport\bin\Release\Legacy.Broker.Transport.dll
  Legacy.Data.Views -> C:\build\src\Legacy.Data.Views\bin\Release\Legacy.Data.Views.dll
  warning MSB3277: Found conflicts between different versions of "DevExpress.Xpf.Core.v7" that could not be resolved. [C:\build\src\Legacy.UI.ViewModels\Legacy.UI.ViewModels.csproj]
  Restoring packages for C:\build\src\Legacy.Data.Transport\Legacy.Data.Transport.csproj...
  Restoring packages for C:\build\src\Legacy.Broker.ViewModels\Legacy.Broker.ViewModels.csproj...
  Restoring packages for C:\build\src\Legacy.Core.ViewModels\Legacy.Core.ViewModels.csproj...
  warning MSB3277: Found conflicts between different versions of "DevExpress.Xpf.Core.v7" that could not be resolved. [C:\build\src\Legacy.Core.Handlers\Legacy.Core.Handlers.csproj]
